0 verbose cli /home/david/.nvm/versions/node/v22.13.1/bin/node /home/david/.nvm/versions/node/v22.13.1/bin/npm
1 info using npm@10.9.2
2 info using node@v22.13.1
3 silly config load:file:/home/david/.nvm/versions/node/v22.13.1/lib/node_modules/npm/npmrc
4 silly config load:file:/home/david/p0_sist_distribuidos/.npmrc
5 silly config load:file:/home/david/.npmrc
6 silly config load:file:/home/david/.nvm/versions/node/v22.13.1/etc/npmrc
7 verbose title npm init
8 verbose argv "init" "--yes"
9 verbose logfile logs-max:10 dir:/home/david/.npm/_logs/2025-02-08T10_38_19_552Z-
10 verbose logfile /home/david/.npm/_logs/2025-02-08T10_38_19_552Z-debug-0.log
11 silly logfile done cleaning log files
12 silly package data {
12 silly package data   name: 'p0_sist_distribuidos',
12 silly package data   version: '1.0.0',
12 silly package data   description: '',
12 silly package data   main: 'index.js',
12 silly package data   scripts: { test: 'echo "Error: no test specified" && exit 1' },
12 silly package data   repository: {
12 silly package data     type: 'git',
12 silly package data     url: 'git+https://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@github.com/DavidRS-png/p0_sist_distribuidos.git'
12 silly package data   },
12 silly package data   keywords: [],
12 silly package data   author: '',
12 silly package data   license: 'ISC',
12 silly package data   bugs: { url: 'https://github.com/DavidRS-png/p0_sist_distribuidos/issues' },
12 silly package data   homepage: 'https://github.com/DavidRS-png/p0_sist_distribuidos#readme'
12 silly package data }
13 verbose cwd /home/david/p0_sist_distribuidos
14 verbose os Linux 5.15.167.4-microsoft-standard-WSL2
15 verbose node v22.13.1
16 verbose npm  v10.9.2
17 verbose exit 0
18 info ok
