0 verbose cli /home/david/.nvm/versions/node/v22.13.1/bin/node /home/david/.nvm/versions/node/v22.13.1/bin/npm
1 info using npm@10.9.2
2 info using node@v22.13.1
3 silly config load:file:/home/david/.nvm/versions/node/v22.13.1/lib/node_modules/npm/npmrc
4 silly config load:file:/home/david/p0_sist_distribuidos/.npmrc
5 silly config load:file:/home/david/.npmrc
6 silly config load:file:/home/david/.nvm/versions/node/v22.13.1/etc/npmrc
7 verbose title npm init
8 verbose argv "init"
9 verbose logfile logs-max:10 dir:/home/david/.npm/_logs/2025-02-08T10_35_49_754Z-
10 verbose logfile /home/david/.npm/_logs/2025-02-08T10_35_49_754Z-debug-0.log
11 silly logfile done cleaning log files
12 http fetch GET 200 https://registry.npmjs.org/npm 146ms
13 silly package data undefined
14 verbose cwd /home/david/p0_sist_distribuidos
15 verbose os Linux 5.15.167.4-microsoft-standard-WSL2
16 verbose node v22.13.1
17 verbose npm  v10.9.2
18 notice
18 notice New [31mmajor[39m version of npm available! [31m10.9.2[39m -> [34m11.1.0[39m
18 notice Changelog: [34mhttps://github.com/npm/cli/releases/tag/v11.1.0[39m
18 notice To update run: [4mnpm install -g npm@11.1.0[24m
18 notice  { force: true, [Symbol(proc-log.meta)]: true }
19 verbose exit 0
20 info ok
